\BOOKMARK [1][-]{section.1}{\376\377\000F\000u\000n\000\347\000\365\000e\000s}{}% 1
\BOOKMARK [2][-]{subsection.1.1}{\376\377\000I\000n\000t\000r\000o\000d\000u\000c\000a\000o}{section.1}% 2
\BOOKMARK [2][-]{subsection.1.2}{\376\377\000A\000r\000g\000u\000m\000e\000n\000t\000o\000s}{section.1}% 3
\BOOKMARK [2][-]{subsection.1.3}{\376\377\000V\000a\000l\000o\000r\000e\000s\000\040\000p\000a\000d\000r\000\343\000o\000\040\000p\000a\000r\000a\000\040\000p\000a\000r\000a\000m\000e\000t\000r\000o\000s}{section.1}% 4
\BOOKMARK [2][-]{subsection.1.4}{\376\377\000E\000s\000c\000o\000p\000o\000\040\000d\000e\000\040\000f\000u\000n\000\347\000\365\000e\000s}{section.1}% 5
\BOOKMARK [2][-]{subsection.1.5}{\376\377\000r\000e\000t\000o\000r\000n\000o\000\040\000d\000o\000s\000\040\000v\000a\000l\000o\000r\000e\000s\000\040\000d\000a\000s\000\040\000f\000u\000n\000\347\000\365\000e\000s}{section.1}% 6
\BOOKMARK [2][-]{subsection.1.6}{\376\377\000*\000a\000r\000g\000s}{section.1}% 7
\BOOKMARK [2][-]{subsection.1.7}{\376\377\000H\000i\000g\000h\000e\000r\000\040\000O\000r\000d\000e\000r\000\040\000f\000u\000n\000c\000t\000i\000o\000n}{section.1}% 8
\BOOKMARK [2][-]{subsection.1.8}{\376\377\000c\000l\000o\000s\000u\000r\000e}{section.1}% 9
\BOOKMARK [1][-]{section.2}{\376\377\000d\000i\000c\000t}{}% 10
\BOOKMARK [2][-]{subsection.2.1}{\376\377\000D\000e\000f\000i\000n\000i\000\347\000\365\000e\000s\000\040\000e\000\040\000c\000o\000n\000c\000e\000i\000t\000o\000s}{section.2}% 11
\BOOKMARK [2][-]{subsection.2.2}{\376\377\000M\000a\000n\000i\000p\000u\000l\000a\000n\000d\000o\000\040\000c\000h\000a\000v\000e\000s}{section.2}% 12
\BOOKMARK [2][-]{subsection.2.3}{\376\377\000m\000e\000t\000o\000d\000o\000s\000\040\000u\000t\000e\000i\000s}{section.2}% 13
\BOOKMARK [2][-]{subsection.2.4}{\376\377\000s\000h\000a\000l\000l\000o\000w\000\040\000c\000o\000p\000y\000\040\000v\000s\000\040\000d\000e\000e\000p\000\040\000c\000o\000p\000y}{section.2}% 14
\BOOKMARK [2][-]{subsection.2.5}{\376\377\000m\000e\000t\000o\000d\000o\000s\000\040\000u\000t\000e\000i\000s\000\040\000p\000a\000r\000t\0002}{section.2}% 15
\BOOKMARK [1][-]{section.3}{\376\377\000s\000e\000t}{}% 16
\BOOKMARK [2][-]{subsection.3.1}{\376\377\000i\000n\000t\000r\000o\000d\000u\000\347\000\343\000o\000\040\000a\000o\000\040\000t\000i\000p\000o\000\040\000s\000e\000t}{section.3}% 17
\BOOKMARK [2][-]{subsection.3.2}{\376\377\000p\000e\000c\000u\000l\000i\000a\000r\000i\000d\000a\000d\000e\000s\000\040\000d\000o\000\040\000t\000i\000p\000o\000\040\000m\000u\000t\000a\000v\000e\000l\000\040\000s\000e\000t}{section.3}% 18
\BOOKMARK [2][-]{subsection.3.3}{\376\377\000M\000e\000t\000o\000d\000o\000s\000\040\000u\000t\000e\000i\000s}{section.3}% 19
\BOOKMARK [2][-]{subsection.3.4}{\376\377\000o\000p\000e\000r\000a\000d\000o\000r\000e\000s\000\040\000u\000t\000e\000i\000s}{section.3}% 20
\BOOKMARK [2][-]{subsection.3.5}{\376\377\000E\000x\000e\000m\000p\000l\000o\000s\000\040\000d\000e\000\040\000u\000s\000o}{section.3}% 21
\BOOKMARK [1][-]{section.4}{\376\377\000l\000a\000m\000b\000d\000a\000\040\000+\000\040\000s\000o\000r\000t\000e\000d}{}% 22
\BOOKMARK [2][-]{subsection.4.1}{\376\377\000f\000u\000n\000\347\000\365\000e\000s\000\040\000l\000a\000m\000b\000d\000a\000s\000\040\000c\000o\000m\000\040\000p\000a\000r\000a\000m\000e\000t\000r\000o\000s\000\040\000c\000o\000m\000p\000l\000e\000x\000o\000s}{section.4}% 23
\BOOKMARK [1][-]{section.5}{\376\377\000e\000m\000p\000a\000c\000o\000t\000a\000m\000e\000n\000t\000o\000\040\000e\000\040\000d\000e\000s\000m\000p\000a\000c\000o\000t\000a\000m\000e\000n\000t\000o\000\040\000e\000m\000\040\000d\000i\000c\000i\000o\000n\000a\000r\000i\000o\000s}{}% 24
\BOOKMARK [1][-]{section.6}{\376\377\000l\000i\000s\000t\000\040\000c\000o\000m\000p\000r\000e\000h\000e\000n\000s\000i\000o\000n}{}% 25
\BOOKMARK [2][-]{subsection.6.1}{\376\377\000M\000a\000p\000e\000a\000m\000e\000n\000t\000o\000\040\000d\000e\000\040\000d\000a\000d\000o\000s\000\040\000e\000m\000\040\000l\000i\000s\000t\000\040\000c\000o\000m\000p\000r\000e\000h\000e\000n\000s\000i\000o\000n}{section.6}% 26
\BOOKMARK [2][-]{subsection.6.2}{\376\377\000f\000i\000l\000t\000r\000o\000\040\000e\000m\000\040\000l\000i\000s\000t\000\040\000c\000o\000m\000p\000r\000e\000h\000e\000n\000s\000i\000o\000n}{section.6}% 27
\BOOKMARK [2][-]{subsection.6.3}{\376\377\000l\000i\000s\000t\000\040\000c\000o\000m\000p\000r\000e\000h\000e\000n\000s\000i\000o\000n\000:\000\040\000f\000o\000r\000\040\000+\000\040\000f\000o\000r}{section.6}% 28
\BOOKMARK [1][-]{section.7}{\376\377\000d\000i\000c\000t\000i\000o\000n\000a\000r\000y\000\040\000c\000o\000m\000p\000r\000e\000h\000e\000n\000s\000i\000o\000n\000\040\000s\000e\000t\000\040\000c\000o\000m\000p\000r\000e\000h\000e\000n\000s\000i\000o\000n}{}% 29
\BOOKMARK [1][-]{section.8}{\376\377\000i\000s\000i\000n\000s\000t\000a\000n\000c\000e}{}% 30
\BOOKMARK [1][-]{section.9}{\376\377\000V\000a\000l\000o\000r\000e\000s\000\040\000T\000r\000u\000t\000h\000y\000\040\000e\000\040\000F\000a\000l\000s\000y\000,\000\040\000T\000i\000p\000o\000s\000\040\000M\000u\000t\000\341\000v\000e\000i\000s\000\040\000e\000\040\000I\000m\000u\000t\000\341\000v\000e\000i\000s}{}% 31
\BOOKMARK [1][-]{section.10}{\376\377\000d\000i\000r\000,\000\040\000h\000a\000s\000a\000t\000t\000r\000\040\000e\000\040\000g\000e\000t\000a\000t\000t\000r\000\040\000e\000m\000\040\000P\000y\000t\000h\000o\000n}{}% 32
\BOOKMARK [1][-]{section.11}{\376\377\000G\000e\000n\000e\000r\000a\000t\000o\000r\000\040\000E\000x\000p\000r\000e\000s\000s\000i\000o\000n\000s}{}% 33
\BOOKMARK [2][-]{subsection.11.1}{\376\377\000i\000t\000e\000r\000a\000b\000l\000e\000\040\000e\000\040\000i\000t\000e\000r\000a\000t\000o\000r\000s}{section.11}% 34
\BOOKMARK [2][-]{subsection.11.2}{\376\377\000G\000e\000n\000e\000r\000a\000t\000o\000r}{section.11}% 35
\BOOKMARK [2][-]{subsection.11.3}{\376\377\000I\000n\000t\000r\000o\000d\000u\000c\000a\000o\000\040\000a\000\040\000g\000e\000n\000e\000r\000a\000t\000o\000r\000\040\000f\000u\000n\000c\000t\000i\000o\000n\000s}{section.11}% 36
\BOOKMARK [2][-]{subsection.11.4}{\376\377\000y\000i\000e\000l\000d\000\040\000f\000r\000o\000m}{section.11}% 37
\BOOKMARK [1][-]{section.12}{\376\377\000T\000r\000y\000\040\000E\000x\000c\000e\000p\000t\000\040\000e\000l\000s\000e\000\040\000f\000i\000n\000a\000l\000l\000y}{}% 38
\BOOKMARK [2][-]{subsection.12.1}{\376\377\000I\000n\000t\000r\000o\000d\000u\000\347\000\343\000o}{section.12}% 39
\BOOKMARK [2][-]{subsection.12.2}{\376\377\000L\000o\000c\000a\000l\000i\000z\000a\000n\000d\000o\000\040\000t\000i\000p\000o\000\040\000e\000s\000p\000e\000c\000i\000f\000i\000c\000o\000\040\000e\000r\000r\000o\000r}{section.12}% 40
\BOOKMARK [2][-]{subsection.12.3}{\376\377\000t\000r\000y\000,\000\040\000e\000x\000c\000e\000p\000t\000,\000\040\000b\000u\000i\000l\000t\000-\000i\000n\000\040}{section.12}% 41
\BOOKMARK [2][-]{subsection.12.4}{\376\377\000r\000a\000i\000s\000e}{section.12}% 42
\BOOKMARK [1][-]{section.13}{\376\377\000\040\000M\000\363\000d\000u\000l\000o\000s\000\040\000p\000a\000d\000r\000\343\000o\000\040\000d\000o\000\040\000P\000y\000t\000h\000o\000n\000\040\000\050\000i\000m\000p\000o\000r\000t\000,\000\040\000f\000r\000o\000m\000,\000\040\000a\000s\000\040\000e\000\040\000*\000\051}{}% 43
\BOOKMARK [2][-]{subsection.13.1}{\376\377\000I\000n\000t\000r\000o\000d\000u\000\347\000\343\000o}{section.13}% 44
\BOOKMARK [2][-]{subsection.13.2}{\376\377\000M\000o\000d\000u\000l\000a\000r\000i\000z\000a\000\347\000\343\000o}{section.13}% 45
\BOOKMARK [2][-]{subsection.13.3}{\376\377\000R\000e\000c\000a\000r\000r\000e\000g\000a\000n\000d\000o\000\040\000m\000o\000d\000u\000l\000o\000s\000,\000\040\000i\000m\000p\000o\000r\000t\000l\000i\000b\000,\000\040\000e\000\040\000s\000i\000n\000g\000l\000e\000t\000o\000n}{section.13}% 46
\BOOKMARK [1][-]{section.14}{\376\377\000P\000a\000c\000k\000a\000g\000e\000s}{}% 47
\BOOKMARK [2][-]{subsection.14.1}{\376\377\000o\000b\000s\000e\000r\000v\000a\000\347\000\365\000e\000s}{section.14}% 48
\BOOKMARK [2][-]{subsection.14.2}{\376\377\000i\000n\000i\000t\000.\000p\000y}{section.14}% 49
\BOOKMARK [1][-]{section.15}{\376\377\000V\000a\000r\000i\000a\000v\000e\000i\000s\000\040\000l\000i\000v\000r\000e\000s}{}% 50
\BOOKMARK [1][-]{section.16}{\376\377\000F\000u\000n\000\347\000\365\000e\000s\000\040\000d\000e\000c\000o\000r\000a\000d\000o\000r\000a\000s}{}% 51
\BOOKMARK [2][-]{subsection.16.1}{\376\377\000i\000n\000t\000r\000o\000d\000u\000\347\000\343\000o}{section.16}% 52
\BOOKMARK [2][-]{subsection.16.2}{\376\377\000D\000e\000c\000o\000r\000a\000d\000o\000r\000e\000s\000\040\000e\000m\000\040\000P\000y\000t\000h\000o\000n}{section.16}% 53
\BOOKMARK [2][-]{subsection.16.3}{\376\377\000D\000e\000c\000o\000r\000a\000d\000o\000r\000e\000s\000\040\000c\000o\000m\000\040\000p\000a\000r\000a\000m\000e\000t\000r\000o\000s}{section.16}% 54
\BOOKMARK [2][-]{subsection.16.4}{\376\377\000O\000r\000d\000e\000m\000\040\000d\000e\000\040\000a\000p\000l\000i\000c\000a\000\347\000\343\000o\000\040\000d\000e\000\040\000d\000e\000c\000o\000r\000a\000d\000o\000r\000e\000s}{section.16}% 55
\BOOKMARK [1][-]{section.17}{\376\377\000c\000o\000u\000n\000t\000\040\000\351\000\040\000u\000m\000\040\000i\000t\000e\000r\000a\000d\000o\000r\000\040\000s\000e\000m\000\040\000f\000i\000m}{}% 56
\BOOKMARK [1][-]{section.18}{\376\377\000C\000o\000m\000b\000i\000n\000a\000t\000i\000o\000n\000s\000,\000\040\000P\000e\000r\000m\000u\000t\000a\000t\000i\000o\000n\000s\000,\000\040\000e\000\040\000p\000r\000o\000d\000u\000c\000t\000\040\000-\000\040\000i\000t\000e\000r\000t\000o\000o\000l\000s}{}% 57
\BOOKMARK [1][-]{section.19}{\376\377\000g\000r\000o\000u\000p\000b\000y}{}% 58
\BOOKMARK [1][-]{section.20}{\376\377\000m\000a\000p\000,\000\040\000p\000a\000r\000t\000i\000a\000l\000,\000\040\000G\000e\000n\000e\000r\000a\000t\000o\000r\000T\000y\000p\000e\000,\000\040\000e\000s\000g\000o\000t\000a\000m\000e\000n\000t\000o\000\040\000d\000e\000\040\000i\000t\000e\000r\000a\000t\000o\000r}{}% 59
\BOOKMARK [1][-]{section.21}{\376\377\000f\000i\000l\000t\000e\000r}{}% 60
\BOOKMARK [1][-]{section.22}{\376\377\000R\000e\000d\000u\000c\000e}{}% 61
\BOOKMARK [1][-]{section.23}{\376\377\000F\000u\000n\000\347\000\365\000e\000s\000\040\000r\000e\000c\000u\000r\000s\000i\000v\000a\000s}{}% 62
\BOOKMARK [2][-]{subsection.23.1}{\376\377\000L\000i\000m\000i\000t\000e\000s\000\040\000d\000e\000\040\000r\000e\000c\000u\000r\000s\000i\000v\000i\000d\000a\000d\000e}{section.23}% 63
\BOOKMARK [1][-]{section.24}{\376\377\000A\000m\000b\000i\000e\000n\000t\000e\000s\000\040\000v\000i\000r\000t\000u\000a\000i\000s}{}% 64
\BOOKMARK [2][-]{subsection.24.1}{\376\377\000I\000n\000t\000r\000o\000d\000u\000\347\000\343\000o}{section.24}% 65
\BOOKMARK [1][-]{section.25}{\376\377\000c\000r\000i\000a\000n\000d\000o\000\040\000a\000r\000q\000u\000i\000v\000o\000s\000\040\000c\000o\000m\000\040\000p\000y\000t\000h\000o\000n\000\040\000+\000\040\000c\000o\000n\000t\000e\000x\000t\000\040\000m\000a\000n\000a\000g\000e\000r\000\040\000w\000i\000t\000h}{}% 66
\BOOKMARK [2][-]{subsection.25.1}{\376\377\000E\000s\000c\000r\000e\000v\000e\000n\000d\000o\000\040\000n\000o\000\040\000A\000r\000q\000u\000i\000v\000o}{section.25}% 67
\BOOKMARK [2][-]{subsection.25.2}{\376\377\000M\000o\000d\000o\000s\000\040\000d\000e\000\040\000a\000b\000e\000r\000t\000u\000r\000a\000\040\000d\000e\000\040\000a\000r\000q\000u\000i\000v\000o\000s}{section.25}% 68
\BOOKMARK [1][-]{section.26}{\376\377\000M\000\363\000d\000u\000l\000o\000\040\000o\000s}{}% 69
\BOOKMARK [1][-]{section.27}{\376\377\000J\000S\000O\000N}{}% 70
\BOOKMARK [2][-]{subsection.27.1}{\376\377\000e\000x\000e\000m\000p\000l\000o\000\040\000j\000s\000o\000n\000\040\000e\000\040\000f\000u\000n\000\347\000\365\000e\000s\000\040\000a\000u\000x\000i\000l\000i\000a\000r\000e\000s}{section.27}% 71
\BOOKMARK [2][-]{subsection.27.2}{\376\377\000u\000t\000i\000l\000i\000z\000a\000n\000d\000o\000\040\000j\000s\000o\000n\000\040\000e\000m\000\040\000a\000r\000q\000u\000i\000v\000o\000s\000\040\000c\000o\000m\000\040\000p\000y\000t\000h\000o\000n\000\040}{section.27}% 72
\BOOKMARK [1][-]{section.28}{\376\377\000P\000r\000o\000b\000l\000e\000m\000a\000\040\000d\000o\000s\000\040\000p\000a\000r\000\342\000m\000e\000t\000r\000o\000s\000\040\000m\000u\000t\000\341\000v\000e\000i\000s\000\040\000e\000m\000\040\000f\000u\000n\000\347\000\365\000e\000s\000\040\000P\000y\000t\000h\000o\000n}{}% 73
\BOOKMARK [1][-]{section.29}{\376\377\000e\000v\000i\000t\000a\000n\000d\000o\000\040\000o\000\040\000u\000s\000o\000\040\000d\000e\000\040\000c\000o\000n\000d\000i\000c\000i\000o\000n\000a\000i\000s}{}% 74
\BOOKMARK [1][-]{section.30}{\376\377\000\040\000P\000o\000s\000i\000t\000i\000o\000n\000a\000l\000-\000O\000n\000l\000y\000\040\000P\000a\000r\000a\000m\000e\000t\000e\000r\000s\000\040\000\050\000/\000\051\000\040\000e\000\040\000K\000e\000y\000w\000o\000r\000d\000-\000O\000n\000l\000y\000\040\000A\000r\000g\000u\000m\000e\000n\000t\000s\000\040\000\050\000*\000\051}{}% 75
